
C:\Users\Owner\apps\conexus\api\core\node_modules\uws>if not defined npm_config_node_gyp (node "C:\Program Files\nodejs\node_modules\npm\node_modules\npm-lifecycle\node-gyp-bin\\..\..\node_modules\node-gyp\bin\node-gyp.js" rebuild )  else (node "C:\Program Files\nodejs\node_modules\npm\node_modules\node-gyp\bin\node-gyp.js" rebuild ) 
Building the projects in this solution one at a time. To enable parallel build, please add the "/m" switch.
  Extensions.cpp
  Group.cpp
  Networking.cpp
  Hub.cpp
  Node.cpp
  WebSocket.cpp
  HTTPSocket.cpp
  Socket.cpp
  addon.cpp
c:\users\owner\apps\conexus\api\core\node_modules\uws\src\hub.cpp(127): warning C4530: C++ exception handler used, but unwind semantics are not enabled. Specify /EHsc [C:\Users\Owner\apps\conexus\api\core\node_modules\uws\build\uws.vcxproj]
  win_delay_load_hook.cc
c:\users\owner\apps\conexus\api\core\node_modules\uws\src\addon.h(21): warning C4996: 'node::MakeCallback': was declared deprecated (compiling source file ..\src\addon.cpp) [C:\Users\Owner\apps\conexus\api\core\node_modules\uws\build\uws.vcxproj]
  c:\users\owner\appdata\local\node-gyp\cache\13.5.0\include\node\node.h(179): note: see declaration of 'node::MakeCallback' (compiling source file ..\src\addon.cpp)
c:\users\owner\apps\conexus\api\core\node_modules\uws\src\addon.h(37): error C2664: 'v8::String::Utf8Value::Utf8Value(const v8::String::Utf8Value &)': cannot convert argument 1 from 'const v8::Local<v8::Value>' to 'const v8::String::Utf8Value &' (compiling source file ..\src\addon.cpp) [C:\Users\Owner\apps\conexus\api\core\node_modules\uws\build\uws.vcxproj]
  c:\users\owner\apps\conexus\api\core\node_modules\uws\src\addon.h(37): note: Reason: cannot convert from 'const v8::Local<v8::Value>' to 'const v8::String::Utf8Value' (compiling source file ..\src\addon.cpp)
  c:\users\owner\apps\conexus\api\core\node_modules\uws\src\addon.h(37): note: No user-defined-conversion operator available that can perform this conversion, or the operator cannot be called (compiling source file ..\src\addon.cpp)
c:\users\owner\apps\conexus\api\core\node_modules\uws\src\addon.h(102): error C2039: 'kNormalString': is not a member of 'v8::String' (compiling source file ..\src\addon.cpp) [C:\Users\Owner\apps\conexus\api\core\node_modules\uws\build\uws.vcxproj]
  c:\users\owner\appdata\local\node-gyp\cache\13.5.0\include\node\v8.h(2867): note: see declaration of 'v8::String' (compiling source file ..\src\addon.cpp)
c:\users\owner\apps\conexus\api\core\node_modules\uws\src\addon.h(102): error C2065: 'kNormalString': undeclared identifier (compiling source file ..\src\addon.cpp) [C:\Users\Owner\apps\conexus\api\core\node_modules\uws\build\uws.vcxproj]
c:\users\owner\apps\conexus\api\core\node_modules\uws\src\addon.h(223): error C2660: 'v8::Value::ToObject': function does not take 0 arguments (compiling source file ..\src\addon.cpp) [C:\Users\Owner\apps\conexus\api\core\node_modules\uws\build\uws.vcxproj]
  c:\users\owner\appdata\local\node-gyp\cache\13.5.0\include\node\v8.h(2754): note: see declaration of 'v8::Value::ToObject' (compiling source file ..\src\addon.cpp)
c:\users\owner\apps\conexus\api\core\node_modules\uws\src\addon.h(225): error C2660: 'v8::Value::IntegerValue': function does not take 0 arguments (compiling source file ..\src\addon.cpp) [C:\Users\Owner\apps\conexus\api\core\node_modules\uws\build\uws.vcxproj]
  c:\users\owner\appdata\local\node-gyp\cache\13.5.0\include\node\v8.h(2774): note: see declaration of 'v8::Value::IntegerValue' (compiling source file ..\src\addon.cpp)
c:\users\owner\apps\conexus\api\core\node_modules\uws\src\addon.h(339): warning C4996: 'node::MakeCallback': was declared deprecated (compiling source file ..\src\addon.cpp) [C:\Users\Owner\apps\conexus\api\core\node_modules\uws\build\uws.vcxproj]
  c:\users\owner\appdata\local\node-gyp\cache\13.5.0\include\node\node.h(179): note: see declaration of 'node::MakeCallback' (compiling source file ..\src\addon.cpp)
c:\users\owner\apps\conexus\api\core\node_modules\uws\src\addon.h(403): error C2660: 'v8::Function::Call': function does not take 3 arguments (compiling source file ..\src\addon.cpp) [C:\Users\Owner\apps\conexus\api\core\node_modules\uws\build\uws.vcxproj]
  c:\users\owner\appdata\local\node-gyp\cache\13.5.0\include\node\v8.h(4335): note: see declaration of 'v8::Function::Call' (compiling source file ..\src\addon.cpp)
c:\users\owner\apps\conexus\api\core\node_modules\uws\src\addon.h(416): error C2660: 'v8::Value::IntegerValue': function does not take 0 arguments (compiling source file ..\src\addon.cpp) [C:\Users\Owner\apps\conexus\api\core\node_modules\uws\build\uws.vcxproj]
  c:\users\owner\appdata\local\node-gyp\cache\13.5.0\include\node\v8.h(2774): note: see declaration of 'v8::Value::IntegerValue' (compiling source file ..\src\addon.cpp)
c:\users\owner\apps\conexus\api\core\node_modules\uws\src\addon.h(425): error C2660: 'v8::Value::IntegerValue': function does not take 0 arguments (compiling source file ..\src\addon.cpp) [C:\Users\Owner\apps\conexus\api\core\node_modules\uws\build\uws.vcxproj]
  c:\users\owner\appdata\local\node-gyp\cache\13.5.0\include\node\v8.h(2774): note: see declaration of 'v8::Value::IntegerValue' (compiling source file ..\src\addon.cpp)
c:\users\owner\apps\conexus\api\core\node_modules\uws\src\http.h(31): error C2039: 'kNormalString': is not a member of 'v8::String' (compiling source file ..\src\addon.cpp) [C:\Users\Owner\apps\conexus\api\core\node_modules\uws\build\uws.vcxproj]
  c:\users\owner\appdata\local\node-gyp\cache\13.5.0\include\node\v8.h(2867): note: see declaration of 'v8::String' (compiling source file ..\src\addon.cpp)
c:\users\owner\apps\conexus\api\core\node_modules\uws\src\http.h(31): error C2065: 'kNormalString': undeclared identifier (compiling source file ..\src\addon.cpp) [C:\Users\Owner\apps\conexus\api\core\node_modules\uws\build\uws.vcxproj]
c:\users\owner\apps\conexus\api\core\node_modules\uws\src\http.h(42): warning C4311: 'type cast': pointer truncation from 'void *' to 'long' (compiling source file ..\src\addon.cpp) [C:\Users\Owner\apps\conexus\api\core\node_modules\uws\build\uws.vcxproj]
c:\users\owner\apps\conexus\api\core\node_modules\uws\src\http.h(42): warning C4302: 'type cast': truncation from 'void *' to 'long' (compiling source file ..\src\addon.cpp) [C:\Users\Owner\apps\conexus\api\core\node_modules\uws\build\uws.vcxproj]
c:\users\owner\apps\conexus\api\core\node_modules\uws\src\http.h(45): error C2039: 'kNormalString': is not a member of 'v8::String' (compiling source file ..\src\addon.cpp) [C:\Users\Owner\apps\conexus\api\core\node_modules\uws\build\uws.vcxproj]
  c:\users\owner\appdata\local\node-gyp\cache\13.5.0\include\node\v8.h(2867): note: see declaration of 'v8::String' (compiling source file ..\src\addon.cpp)
c:\users\owner\apps\conexus\api\core\node_modules\uws\src\http.h(45): error C2065: 'kNormalString': undeclared identifier (compiling source file ..\src\addon.cpp) [C:\Users\Owner\apps\conexus\api\core\node_modules\uws\build\uws.vcxproj]
c:\users\owner\apps\conexus\api\core\node_modules\uws\src\http.h(48): error C2039: 'kNormalString': is not a member of 'v8::String' (compiling source file ..\src\addon.cpp) [C:\Users\Owner\apps\conexus\api\core\node_modules\uws\build\uws.vcxproj]
  c:\users\owner\appdata\local\node-gyp\cache\13.5.0\include\node\v8.h(2867): note: see declaration of 'v8::String' (compiling source file ..\src\addon.cpp)
c:\users\owner\apps\conexus\api\core\node_modules\uws\src\http.h(48): error C2065: 'kNormalString': undeclared identifier (compiling source file ..\src\addon.cpp) [C:\Users\Owner\apps\conexus\api\core\node_modules\uws\build\uws.vcxproj]
c:\users\owner\apps\conexus\api\core\node_modules\uws\src\http.h(51): error C2039: 'kNormalString': is not a member of 'v8::String' (compiling source file ..\src\addon.cpp) [C:\Users\Owner\apps\conexus\api\core\node_modules\uws\build\uws.vcxproj]
  c:\users\owner\appdata\local\node-gyp\cache\13.5.0\include\node\v8.h(2867): note: see declaration of 'v8::String' (compiling source file ..\src\addon.cpp)
c:\users\owner\apps\conexus\api\core\node_modules\uws\src\http.h(51): error C2065: 'kNormalString': undeclared identifier (compiling source file ..\src\addon.cpp) [C:\Users\Owner\apps\conexus\api\core\node_modules\uws\build\uws.vcxproj]
c:\users\owner\apps\conexus\api\core\node_modules\uws\src\http.h(54): error C2039: 'kNormalString': is not a member of 'v8::String' (compiling source file ..\src\addon.cpp) [C:\Users\Owner\apps\conexus\api\core\node_modules\uws\build\uws.vcxproj]
  c:\users\owner\appdata\local\node-gyp\cache\13.5.0\include\node\v8.h(2867): note: see declaration of 'v8::String' (compiling source file ..\src\addon.cpp)
c:\users\owner\apps\conexus\api\core\node_modules\uws\src\http.h(54): error C2065: 'kNormalString': undeclared identifier (compiling source file ..\src\addon.cpp) [C:\Users\Owner\apps\conexus\api\core\node_modules\uws\build\uws.vcxproj]
c:\users\owner\apps\conexus\api\core\node_modules\uws\src\http.h(57): error C2039: 'kNormalString': is not a member of 'v8::String' (compiling source file ..\src\addon.cpp) [C:\Users\Owner\apps\conexus\api\core\node_modules\uws\build\uws.vcxproj]
  c:\users\owner\appdata\local\node-gyp\cache\13.5.0\include\node\v8.h(2867): note: see declaration of 'v8::String' (compiling source file ..\src\addon.cpp)
c:\users\owner\apps\conexus\api\core\node_modules\uws\src\http.h(57): error C2065: 'kNormalString': undeclared identifier (compiling source file ..\src\addon.cpp) [C:\Users\Owner\apps\conexus\api\core\node_modules\uws\build\uws.vcxproj]
c:\users\owner\apps\conexus\api\core\node_modules\uws\src\http.h(60): error C2039: 'kNormalString': is not a member of 'v8::String' (compiling source file ..\src\addon.cpp) [C:\Users\Owner\apps\conexus\api\core\node_modules\uws\build\uws.vcxproj]
  c:\users\owner\appdata\local\node-gyp\cache\13.5.0\include\node\v8.h(2867): note: see declaration of 'v8::String' (compiling source file ..\src\addon.cpp)
c:\users\owner\apps\conexus\api\core\node_modules\uws\src\http.h(60): error C2065: 'kNormalString': undeclared identifier (compiling source file ..\src\addon.cpp) [C:\Users\Owner\apps\conexus\api\core\node_modules\uws\build\uws.vcxproj]
c:\users\owner\apps\conexus\api\core\node_modules\uws\src\http.h(63): error C2039: 'kNormalString': is not a member of 'v8::String' (compiling source file ..\src\addon.cpp) [C:\Users\Owner\apps\conexus\api\core\node_modules\uws\build\uws.vcxproj]
  c:\users\owner\appdata\local\node-gyp\cache\13.5.0\include\node\v8.h(2867): note: see declaration of 'v8::String' (compiling source file ..\src\addon.cpp)
c:\users\owner\apps\conexus\api\core\node_modules\uws\src\http.h(63): error C2065: 'kNormalString': undeclared identifier (compiling source file ..\src\addon.cpp) [C:\Users\Owner\apps\conexus\api\core\node_modules\uws\build\uws.vcxproj]
c:\users\owner\apps\conexus\api\core\node_modules\uws\src\http.h(66): error C2039: 'kNormalString': is not a member of 'v8::String' (compiling source file ..\src\addon.cpp) [C:\Users\Owner\apps\conexus\api\core\node_modules\uws\build\uws.vcxproj]
  c:\users\owner\appdata\local\node-gyp\cache\13.5.0\include\node\v8.h(2867): note: see declaration of 'v8::String' (compiling source file ..\src\addon.cpp)
c:\users\owner\apps\conexus\api\core\node_modules\uws\src\http.h(66): error C2065: 'kNormalString': undeclared identifier (compiling source file ..\src\addon.cpp) [C:\Users\Owner\apps\conexus\api\core\node_modules\uws\build\uws.vcxproj]
c:\users\owner\apps\conexus\api\core\node_modules\uws\src\http.h(69): error C2039: 'kNormalString': is not a member of 'v8::String' (compiling source file ..\src\addon.cpp) [C:\Users\Owner\apps\conexus\api\core\node_modules\uws\build\uws.vcxproj]
  c:\users\owner\appdata\local\node-gyp\cache\13.5.0\include\node\v8.h(2867): note: see declaration of 'v8::String' (compiling source file ..\src\addon.cpp)
c:\users\owner\apps\conexus\api\core\node_modules\uws\src\http.h(69): error C2065: 'kNormalString': undeclared identifier (compiling source file ..\src\addon.cpp) [C:\Users\Owner\apps\conexus\api\core\node_modules\uws\build\uws.vcxproj]
c:\users\owner\apps\conexus\api\core\node_modules\uws\src\http.h(90): error C2664: 'void v8::FunctionTemplate::SetClassName(v8::Local<v8::String>)': cannot convert argument 1 from 'v8::MaybeLocal<v8::String>' to 'v8::Local<v8::String>' (compiling source file ..\src\addon.cpp) [C:\Users\Owner\apps\conexus\api\core\node_modules\uws\build\uws.vcxproj]
  c:\users\owner\apps\conexus\api\core\node_modules\uws\src\http.h(90): note: No user-defined-conversion operator available that can perform this conversion, or the operator cannot be called (compiling source file ..\src\addon.cpp)
c:\users\owner\apps\conexus\api\core\node_modules\uws\src\http.h(92): error C2664: 'void v8::ObjectTemplate::SetAccessor(v8::Local<v8::Name>,v8::AccessorNameGetterCallback,v8::AccessorNameSetterCallback,v8::Local<v8::Value>,v8::AccessControl,v8::PropertyAttribute,v8::Local<v8::AccessorSignature>,v8::SideEffectType,v8::SideEffectType)': cannot convert argument 1 from 'v8::MaybeLocal<v8::String>' to 'v8::Local<v8::String>' (compiling source file ..\src\addon.cpp) [C:\Users\Owner\apps\conexus\api\core\node_modules\uws\build\uws.vcxproj]
  c:\users\owner\apps\conexus\api\core\node_modules\uws\src\http.h(92): note: No user-defined-conversion operator available that can perform this conversion, or the operator cannot be called (compiling source file ..\src\addon.cpp)
c:\users\owner\apps\conexus\api\core\node_modules\uws\src\http.h(93): error C2664: 'void v8::ObjectTemplate::SetAccessor(v8::Local<v8::Name>,v8::AccessorNameGetterCallback,v8::AccessorNameSetterCallback,v8::Local<v8::Value>,v8::AccessControl,v8::PropertyAttribute,v8::Local<v8::AccessorSignature>,v8::SideEffectType,v8::SideEffectType)': cannot convert argument 1 from 'v8::MaybeLocal<v8::String>' to 'v8::Local<v8::String>' (compiling source file ..\src\addon.cpp) [C:\Users\Owner\apps\conexus\api\core\node_modules\uws\build\uws.vcxproj]
  c:\users\owner\apps\conexus\api\core\node_modules\uws\src\http.h(93): note: No user-defined-conversion operator available that can perform this conversion, or the operator cannot be called (compiling source file ..\src\addon.cpp)
c:\users\owner\apps\conexus\api\core\node_modules\uws\src\http.h(94): error C2664: 'void v8::Template::Set(v8::Isolate *,const char *,v8::Local<v8::Data>)': cannot convert argument 1 from 'v8::MaybeLocal<v8::String>' to 'v8::Local<v8::Name>' (compiling source file ..\src\addon.cpp) [C:\Users\Owner\apps\conexus\api\core\node_modules\uws\build\uws.vcxproj]
  c:\users\owner\apps\conexus\api\core\node_modules\uws\src\http.h(94): note: No user-defined-conversion operator available that can perform this conversion, or the operator cannot be called (compiling source file ..\src\addon.cpp)
c:\users\owner\apps\conexus\api\core\node_modules\uws\src\http.h(95): error C2664: 'void v8::Template::Set(v8::Isolate *,const char *,v8::Local<v8::Data>)': cannot convert argument 1 from 'v8::MaybeLocal<v8::String>' to 'v8::Local<v8::Name>' (compiling source file ..\src\addon.cpp) [C:\Users\Owner\apps\conexus\api\core\node_modules\uws\build\uws.vcxproj]
  c:\users\owner\apps\conexus\api\core\node_modules\uws\src\http.h(95): note: No user-defined-conversion operator available that can perform this conversion, or the operator cannot be called (compiling source file ..\src\addon.cpp)
c:\users\owner\apps\conexus\api\core\node_modules\uws\src\http.h(96): error C2664: 'void v8::Template::Set(v8::Isolate *,const char *,v8::Local<v8::Data>)': cannot convert argument 1 from 'v8::MaybeLocal<v8::String>' to 'v8::Local<v8::Name>' (compiling source file ..\src\addon.cpp) [C:\Users\Owner\apps\conexus\api\core\node_modules\uws\build\uws.vcxproj]
  c:\users\owner\apps\conexus\api\core\node_modules\uws\src\http.h(96): note: No user-defined-conversion operator available that can perform this conversion, or the operator cannot be called (compiling source file ..\src\addon.cpp)
c:\users\owner\apps\conexus\api\core\node_modules\uws\src\http.h(97): error C2664: 'void v8::Template::Set(v8::Isolate *,const char *,v8::Local<v8::Data>)': cannot convert argument 1 from 'v8::MaybeLocal<v8::String>' to 'v8::Local<v8::Name>' (compiling source file ..\src\addon.cpp) [C:\Users\Owner\apps\conexus\api\core\node_modules\uws\build\uws.vcxproj]
  c:\users\owner\apps\conexus\api\core\node_modules\uws\src\http.h(97): note: No user-defined-conversion operator available that can perform this conversion, or the operator cannot be called (compiling source file ..\src\addon.cpp)
c:\users\owner\apps\conexus\api\core\node_modules\uws\src\http.h(99): error C2660: 'v8::FunctionTemplate::GetFunction': function does not take 0 arguments (compiling source file ..\src\addon.cpp) [C:\Users\Owner\apps\conexus\api\core\node_modules\uws\build\uws.vcxproj]
  c:\users\owner\appdata\local\node-gyp\cache\13.5.0\include\node\v8.h(6283): note: see declaration of 'v8::FunctionTemplate::GetFunction' (compiling source file ..\src\addon.cpp)
c:\users\owner\apps\conexus\api\core\node_modules\uws\src\http.h(102): error C2039: 'SetNamedPropertyHandler': is not a member of 'v8::ObjectTemplate' (compiling source file ..\src\addon.cpp) [C:\Users\Owner\apps\conexus\api\core\node_modules\uws\build\uws.vcxproj]
  c:\users\owner\appdata\local\node-gyp\cache\13.5.0\include\node\v8.h(6553): note: see declaration of 'v8::ObjectTemplate' (compiling source file ..\src\addon.cpp)
c:\users\owner\apps\conexus\api\core\node_modules\uws\src\http.h(104): error C2660: 'v8::ObjectTemplate::NewInstance': function does not take 0 arguments (compiling source file ..\src\addon.cpp) [C:\Users\Owner\apps\conexus\api\core\node_modules\uws\build\uws.vcxproj]
  c:\users\owner\appdata\local\node-gyp\cache\13.5.0\include\node\v8.h(6565): note: see declaration of 'v8::ObjectTemplate::NewInstance' (compiling source file ..\src\addon.cpp)
c:\users\owner\apps\conexus\api\core\node_modules\uws\src\http.h(104): error C2661: 'v8::Object::Set': no overloaded function takes 1 arguments (compiling source file ..\src\addon.cpp) [C:\Users\Owner\apps\conexus\api\core\node_modules\uws\build\uws.vcxproj]
c:\users\owner\apps\conexus\api\core\node_modules\uws\src\http.h(137): error C2660: 'v8::Value::IntegerValue': function does not take 0 arguments (compiling source file ..\src\addon.cpp) [C:\Users\Owner\apps\conexus\api\core\node_modules\uws\build\uws.vcxproj]
  c:\users\owner\appdata\local\node-gyp\cache\13.5.0\include\node\v8.h(2774): note: see declaration of 'v8::Value::IntegerValue' (compiling source file ..\src\addon.cpp)
c:\users\owner\apps\conexus\api\core\node_modules\uws\src\http.h(147): error C2660: 'v8::Value::ToObject': function does not take 0 arguments (compiling source file ..\src\addon.cpp) [C:\Users\Owner\apps\conexus\api\core\node_modules\uws\build\uws.vcxproj]
  c:\users\owner\appdata\local\node-gyp\cache\13.5.0\include\node\v8.h(2754): note: see declaration of 'v8::Value::ToObject' (compiling source file ..\src\addon.cpp)
c:\users\owner\apps\conexus\api\core\node_modules\uws\src\http.h(148): error C2661: 'v8::Object::GetOwnPropertyNames': no overloaded function takes 0 arguments (compiling source file ..\src\addon.cpp) [C:\Users\Owner\apps\conexus\api\core\node_modules\uws\build\uws.vcxproj]
c:\users\owner\apps\conexus\api\core\node_modules\uws\src\http.h(149): warning C4018: '<': signed/unsigned mismatch (compiling source file ..\src\addon.cpp) [C:\Users\Owner\apps\conexus\api\core\node_modules\uws\build\uws.vcxproj]
c:\users\owner\apps\conexus\api\core\node_modules\uws\src\http.h(150): error C2661: 'v8::Object::Get': no overloaded function takes 1 arguments (compiling source file ..\src\addon.cpp) [C:\Users\Owner\apps\conexus\api\core\node_modules\uws\build\uws.vcxproj]
c:\users\owner\apps\conexus\api\core\node_modules\uws\src\http.h(151): error C2661: 'v8::Object::Get': no overloaded function takes 1 arguments (compiling source file ..\src\addon.cpp) [C:\Users\Owner\apps\conexus\api\core\node_modules\uws\build\uws.vcxproj]
c:\users\owner\apps\conexus\api\core\node_modules\uws\src\http.h(188): error C2664: 'void v8::FunctionTemplate::SetClassName(v8::Local<v8::String>)': cannot convert argument 1 from 'v8::MaybeLocal<v8::String>' to 'v8::Local<v8::String>' (compiling source file ..\src\addon.cpp) [C:\Users\Owner\apps\conexus\api\core\node_modules\uws\build\uws.vcxproj]
  c:\users\owner\apps\conexus\api\core\node_modules\uws\src\http.h(188): note: No user-defined-conversion operator available that can perform this conversion, or the operator cannot be called (compiling source file ..\src\addon.cpp)
c:\users\owner\apps\conexus\api\core\node_modules\uws\src\http.h(190): error C2664: 'void v8::Template::Set(v8::Isolate *,const char *,v8::Local<v8::Data>)': cannot convert argument 1 from 'v8::MaybeLocal<v8::String>' to 'v8::Local<v8::Name>' (compiling source file ..\src\addon.cpp) [C:\Users\Owner\apps\conexus\api\core\node_modules\uws\build\uws.vcxproj]
  c:\users\owner\apps\conexus\api\core\node_modules\uws\src\http.h(190): note: No user-defined-conversion operator available that can perform this conversion, or the operator cannot be called (compiling source file ..\src\addon.cpp)
c:\users\owner\apps\conexus\api\core\node_modules\uws\src\http.h(191): error C2664: 'void v8::Template::Set(v8::Isolate *,const char *,v8::Local<v8::Data>)': cannot convert argument 1 from 'v8::MaybeLocal<v8::String>' to 'v8::Local<v8::Name>' (compiling source file ..\src\addon.cpp) [C:\Users\Owner\apps\conexus\api\core\node_modules\uws\build\uws.vcxproj]
  c:\users\owner\apps\conexus\api\core\node_modules\uws\src\http.h(191): note: No user-defined-conversion operator available that can perform this conversion, or the operator cannot be called (compiling source file ..\src\addon.cpp)
c:\users\owner\apps\conexus\api\core\node_modules\uws\src\http.h(192): error C2664: 'void v8::Template::Set(v8::Isolate *,const char *,v8::Local<v8::Data>)': cannot convert argument 1 from 'v8::MaybeLocal<v8::String>' to 'v8::Local<v8::Name>' (compiling source file ..\src\addon.cpp) [C:\Users\Owner\apps\conexus\api\core\node_modules\uws\build\uws.vcxproj]
  c:\users\owner\apps\conexus\api\core\node_modules\uws\src\http.h(192): note: No user-defined-conversion operator available that can perform this conversion, or the operator cannot be called (compiling source file ..\src\addon.cpp)
c:\users\owner\apps\conexus\api\core\node_modules\uws\src\http.h(193): error C2664: 'void v8::Template::Set(v8::Isolate *,const char *,v8::Local<v8::Data>)': cannot convert argument 1 from 'v8::MaybeLocal<v8::String>' to 'v8::Local<v8::Name>' (compiling source file ..\src\addon.cpp) [C:\Users\Owner\apps\conexus\api\core\node_modules\uws\build\uws.vcxproj]
  c:\users\owner\apps\conexus\api\core\node_modules\uws\src\http.h(193): note: No user-defined-conversion operator available that can perform this conversion, or the operator cannot be called (compiling source file ..\src\addon.cpp)
c:\users\owner\apps\conexus\api\core\node_modules\uws\src\http.h(194): error C2664: 'void v8::Template::Set(v8::Isolate *,const char *,v8::Local<v8::Data>)': cannot convert argument 1 from 'v8::MaybeLocal<v8::String>' to 'v8::Local<v8::Name>' (compiling source file ..\src\addon.cpp) [C:\Users\Owner\apps\conexus\api\core\node_modules\uws\build\uws.vcxproj]
  c:\users\owner\apps\conexus\api\core\node_modules\uws\src\http.h(194): note: No user-defined-conversion operator available that can perform this conversion, or the operator cannot be called (compiling source file ..\src\addon.cpp)
c:\users\owner\apps\conexus\api\core\node_modules\uws\src\http.h(195): error C2664: 'void v8::Template::Set(v8::Isolate *,const char *,v8::Local<v8::Data>)': cannot convert argument 1 from 'v8::MaybeLocal<v8::String>' to 'v8::Local<v8::Name>' (compiling source file ..\src\addon.cpp) [C:\Users\Owner\apps\conexus\api\core\node_modules\uws\build\uws.vcxproj]
  c:\users\owner\apps\conexus\api\core\node_modules\uws\src\http.h(195): note: No user-defined-conversion operator available that can perform this conversion, or the operator cannot be called (compiling source file ..\src\addon.cpp)
c:\users\owner\apps\conexus\api\core\node_modules\uws\src\http.h(196): error C2660: 'v8::FunctionTemplate::GetFunction': function does not take 0 arguments (compiling source file ..\src\addon.cpp) [C:\Users\Owner\apps\conexus\api\core\node_modules\uws\build\uws.vcxproj]
  c:\users\owner\appdata\local\node-gyp\cache\13.5.0\include\node\v8.h(6283): note: see declaration of 'v8::FunctionTemplate::GetFunction' (compiling source file ..\src\addon.cpp)
c:\users\owner\apps\conexus\api\core\node_modules\uws\src\http.h(226): warning C4312: 'type cast': conversion from 'long' to 'void *' of greater size (compiling source file ..\src\addon.cpp) [C:\Users\Owner\apps\conexus\api\core\node_modules\uws\build\uws.vcxproj]
c:\users\owner\apps\conexus\api\core\node_modules\uws\src\http.h(227): error C2039: 'kNormalString': is not a member of 'v8::String' (compiling source file ..\src\addon.cpp) [C:\Users\Owner\apps\conexus\api\core\node_modules\uws\build\uws.vcxproj]
  c:\users\owner\appdata\local\node-gyp\cache\13.5.0\include\node\v8.h(2867): note: see declaration of 'v8::String' (compiling source file ..\src\addon.cpp)
c:\users\owner\apps\conexus\api\core\node_modules\uws\src\http.h(227): error C2065: 'kNormalString': undeclared identifier (compiling source file ..\src\addon.cpp) [C:\Users\Owner\apps\conexus\api\core\node_modules\uws\build\uws.vcxproj]
c:\users\owner\apps\conexus\api\core\node_modules\uws\src\http.h(227): error C2660: 'v8::Object::SetInternalField': function does not take 1 arguments (compiling source file ..\src\addon.cpp) [C:\Users\Owner\apps\conexus\api\core\node_modules\uws\build\uws.vcxproj]
  c:\users\owner\appdata\local\node-gyp\cache\13.5.0\include\node\v8.h(3785): note: see declaration of 'v8::Object::SetInternalField' (compiling source file ..\src\addon.cpp)
c:\users\owner\apps\conexus\api\core\node_modules\uws\src\http.h(230): error C2660: 'v8::Function::Call': function does not take 3 arguments (compiling source file ..\src\addon.cpp) [C:\Users\Owner\apps\conexus\api\core\node_modules\uws\build\uws.vcxproj]
  c:\users\owner\appdata\local\node-gyp\cache\13.5.0\include\node\v8.h(4335): note: see declaration of 'v8::Function::Call' (compiling source file ..\src\addon.cpp)
c:\users\owner\apps\conexus\api\core\node_modules\uws\src\http.h(236): error C2660: 'v8::Function::Call': function does not take 3 arguments (compiling source file ..\src\addon.cpp) [C:\Users\Owner\apps\conexus\api\core\node_modules\uws\build\uws.vcxproj]
  c:\users\owner\appdata\local\node-gyp\cache\13.5.0\include\node\v8.h(4335): note: see declaration of 'v8::Function::Call' (compiling source file ..\src\addon.cpp)
c:\users\owner\apps\conexus\api\core\node_modules\uws\src\http.h(242): error C2660: 'v8::Function::Call': function does not take 3 arguments (compiling source file ..\src\addon.cpp) [C:\Users\Owner\apps\conexus\api\core\node_modules\uws\build\uws.vcxproj]
  c:\users\owner\appdata\local\node-gyp\cache\13.5.0\include\node\v8.h(4335): note: see declaration of 'v8::Function::Call' (compiling source file ..\src\addon.cpp)
c:\users\owner\apps\conexus\api\core\node_modules\uws\src\http.h(265): error C2660: 'v8::Function::Call': function does not take 3 arguments (compiling source file ..\src\addon.cpp) [C:\Users\Owner\apps\conexus\api\core\node_modules\uws\build\uws.vcxproj]
  c:\users\owner\appdata\local\node-gyp\cache\13.5.0\include\node\v8.h(4335): note: see declaration of 'v8::Function::Call' (compiling source file ..\src\addon.cpp)
c:\users\owner\apps\conexus\api\core\node_modules\uws\src\http.h(280): error C2660: 'v8::Function::Call': function does not take 3 arguments (compiling source file ..\src\addon.cpp) [C:\Users\Owner\apps\conexus\api\core\node_modules\uws\build\uws.vcxproj]
  c:\users\owner\appdata\local\node-gyp\cache\13.5.0\include\node\v8.h(4335): note: see declaration of 'v8::Function::Call' (compiling source file ..\src\addon.cpp)
c:\users\owner\apps\conexus\api\core\node_modules\uws\src\http.h(286): error C2660: 'v8::Function::Call': function does not take 3 arguments (compiling source file ..\src\addon.cpp) [C:\Users\Owner\apps\conexus\api\core\node_modules\uws\build\uws.vcxproj]
  c:\users\owner\appdata\local\node-gyp\cache\13.5.0\include\node\v8.h(4335): note: see declaration of 'v8::Function::Call' (compiling source file ..\src\addon.cpp)
c:\users\owner\apps\conexus\api\core\node_modules\uws\src\http.h(293): error C2661: 'v8::Function::NewInstance': no overloaded function takes 0 arguments (compiling source file ..\src\addon.cpp) [C:\Users\Owner\apps\conexus\api\core\node_modules\uws\build\uws.vcxproj]
c:\users\owner\apps\conexus\api\core\node_modules\uws\src\http.h(308): error C2660: 'v8::Value::IntegerValue': function does not take 0 arguments (compiling source file ..\src\addon.cpp) [C:\Users\Owner\apps\conexus\api\core\node_modules\uws\build\uws.vcxproj]
  c:\users\owner\appdata\local\node-gyp\cache\13.5.0\include\node\v8.h(2774): note: see declaration of 'v8::Value::IntegerValue' (compiling source file ..\src\addon.cpp)
c:\users\owner\apps\conexus\api\core\node_modules\uws\src\http.h(311): error C2660: 'v8::Function::Call': function does not take 3 arguments (compiling source file ..\src\addon.cpp) [C:\Users\Owner\apps\conexus\api\core\node_modules\uws\build\uws.vcxproj]
  c:\users\owner\appdata\local\node-gyp\cache\13.5.0\include\node\v8.h(4335): note: see declaration of 'v8::Function::Call' (compiling source file ..\src\addon.cpp)
c:\users\owner\apps\conexus\api\core\node_modules\uws\src\http.h(320): error C2661: 'v8::Object::Get': no overloaded function takes 1 arguments (compiling source file ..\src\addon.cpp) [C:\Users\Owner\apps\conexus\api\core\node_modules\uws\build\uws.vcxproj]
c:\users\owner\apps\conexus\api\core\node_modules\uws\src\http.h(321): error C2661: 'v8::Object::Get': no overloaded function takes 1 arguments (compiling source file ..\src\addon.cpp) [C:\Users\Owner\apps\conexus\api\core\node_modules\uws\build\uws.vcxproj]
c:\users\owner\apps\conexus\api\core\node_modules\uws\src\http.h(327): error C2661: 'v8::Function::NewInstance': no overloaded function takes 0 arguments (compiling source file ..\src\addon.cpp) [C:\Users\Owner\apps\conexus\api\core\node_modules\uws\build\uws.vcxproj]
c:\users\owner\apps\conexus\api\core\node_modules\uws\src\http.h(343): error C2664: 'void v8::Template::Set(v8::Isolate *,const char *,v8::Local<v8::Data>)': cannot convert argument 1 from 'v8::MaybeLocal<v8::String>' to 'v8::Local<v8::Name>' (compiling source file ..\src\addon.cpp) [C:\Users\Owner\apps\conexus\api\core\node_modules\uws\build\uws.vcxproj]
  c:\users\owner\apps\conexus\api\core\node_modules\uws\src\http.h(343): note: No user-defined-conversion operator available that can perform this conversion, or the operator cannot be called (compiling source file ..\src\addon.cpp)
c:\users\owner\apps\conexus\api\core\node_modules\uws\src\http.h(344): error C2664: 'void v8::Template::Set(v8::Isolate *,const char *,v8::Local<v8::Data>)': cannot convert argument 1 from 'v8::MaybeLocal<v8::String>' to 'v8::Local<v8::Name>' (compiling source file ..\src\addon.cpp) [C:\Users\Owner\apps\conexus\api\core\node_modules\uws\build\uws.vcxproj]
  c:\users\owner\apps\conexus\api\core\node_modules\uws\src\http.h(344): note: No user-defined-conversion operator available that can perform this conversion, or the operator cannot be called (compiling source file ..\src\addon.cpp)
c:\users\owner\apps\conexus\api\core\node_modules\uws\src\http.h(345): error C2664: 'void v8::Template::Set(v8::Isolate *,const char *,v8::Local<v8::Data>)': cannot convert argument 1 from 'v8::MaybeLocal<v8::String>' to 'v8::Local<v8::Name>' (compiling source file ..\src\addon.cpp) [C:\Users\Owner\apps\conexus\api\core\node_modules\uws\build\uws.vcxproj]
  c:\users\owner\apps\conexus\api\core\node_modules\uws\src\http.h(345): note: No user-defined-conversion operator available that can perform this conversion, or the operator cannot be called (compiling source file ..\src\addon.cpp)
c:\users\owner\apps\conexus\api\core\node_modules\uws\src\http.h(346): error C2664: 'void v8::Template::Set(v8::Isolate *,const char *,v8::Local<v8::Data>)': cannot convert argument 1 from 'v8::MaybeLocal<v8::String>' to 'v8::Local<v8::Name>' (compiling source file ..\src\addon.cpp) [C:\Users\Owner\apps\conexus\api\core\node_modules\uws\build\uws.vcxproj]
  c:\users\owner\apps\conexus\api\core\node_modules\uws\src\http.h(346): note: No user-defined-conversion operator available that can perform this conversion, or the operator cannot be called (compiling source file ..\src\addon.cpp)
c:\users\owner\apps\conexus\api\core\node_modules\uws\src\http.h(347): error C2664: 'void v8::Template::Set(v8::Isolate *,const char *,v8::Local<v8::Data>)': cannot convert argument 1 from 'v8::MaybeLocal<v8::String>' to 'v8::Local<v8::Name>' (compiling source file ..\src\addon.cpp) [C:\Users\Owner\apps\conexus\api\core\node_modules\uws\build\uws.vcxproj]
  c:\users\owner\apps\conexus\api\core\node_modules\uws\src\http.h(347): note: No user-defined-conversion operator available that can perform this conversion, or the operator cannot be called (compiling source file ..\src\addon.cpp)
c:\users\owner\apps\conexus\api\core\node_modules\uws\src\http.h(348): error C2664: 'void v8::Template::Set(v8::Isolate *,const char *,v8::Local<v8::Data>)': cannot convert argument 1 from 'v8::MaybeLocal<v8::String>' to 'v8::Local<v8::Name>' (compiling source file ..\src\addon.cpp) [C:\Users\Owner\apps\conexus\api\core\node_modules\uws\build\uws.vcxproj]
  c:\users\owner\apps\conexus\api\core\node_modules\uws\src\http.h(348): note: No user-defined-conversion operator available that can perform this conversion, or the operator cannot be called (compiling source file ..\src\addon.cpp)
c:\users\owner\apps\conexus\api\core\node_modules\uws\src\http.h(353): error C2660: 'v8::FunctionTemplate::GetFunction': function does not take 0 arguments (compiling source file ..\src\addon.cpp) [C:\Users\Owner\apps\conexus\api\core\node_modules\uws\build\uws.vcxproj]
  c:\users\owner\appdata\local\node-gyp\cache\13.5.0\include\node\v8.h(6283): note: see declaration of 'v8::FunctionTemplate::GetFunction' (compiling source file ..\src\addon.cpp)
c:\users\owner\apps\conexus\api\core\node_modules\uws\src\addon.cpp(8): error C2661: 'v8::Object::Set': no overloaded function takes 2 arguments [C:\Users\Owner\apps\conexus\api\core\node_modules\uws\build\uws.vcxproj]
c:\users\owner\apps\conexus\api\core\node_modules\uws\src\addon.cpp(9): error C2661: 'v8::Object::Set': no overloaded function takes 2 arguments [C:\Users\Owner\apps\conexus\api\core\node_modules\uws\build\uws.vcxproj]
c:\users\owner\apps\conexus\api\core\node_modules\uws\src\addon.cpp(10): error C2661: 'v8::Object::Set': no overloaded function takes 2 arguments [C:\Users\Owner\apps\conexus\api\core\node_modules\uws\build\uws.vcxproj]
gyp ERR! build error 
gyp ERR! stack Error: `C:\Program Files (x86)\Microsoft Visual Studio\2017\BuildTools\MSBuild\15.0\Bin\MSBuild.exe` failed with exit code: 1
gyp ERR! stack     at ChildProcess.onExit (C:\Program Files\nodejs\node_modules\npm\node_modules\node-gyp\lib\build.js:194:23)
gyp ERR! stack     at ChildProcess.emit (events.js:305:20)
gyp ERR! stack     at Process.ChildProcess._handle.onexit (internal/child_process.js:275:12)
gyp ERR! System Windows_NT 10.0.18362
gyp ERR! command "C:\\Program Files\\nodejs\\node.exe" "C:\\Program Files\\nodejs\\node_modules\\npm\\node_modules\\node-gyp\\bin\\node-gyp.js" "rebuild"
gyp ERR! cwd C:\Users\Owner\apps\conexus\api\core\node_modules\uws
gyp ERR! node -v v13.5.0
gyp ERR! node-gyp -v v5.0.5
gyp ERR! not ok 
